<?xml version="1.0" encoding="UTF-8"?>
<testng-results ignored="0" total="3" passed="3" failed="0" skipped="0">
  <reporter-output>
  </reporter-output>
  <suite started-at="2026-04-29T19:04:54 IST" name="Surefire suite" finished-at="2026-04-29T19:05:22 IST" duration-ms="27759">
    <groups>
    </groups>
    <test started-at="2026-04-29T19:04:54 IST" name="Surefire test" finished-at="2026-04-29T19:05:22 IST" duration-ms="27759">
      <class name="sdet.AppTest">
        <test-method signature="testlogin1()[pri:0, instance:sdet.AppTest@75f9eccc]" started-at="2026-04-29T19:04:54 IST" name="testlogin1" finished-at="2026-04-29T19:04:54 IST" duration-ms="73" status="PASS">
          <reporter-output>
          </reporter-output>
        </test-method> <!-- testlogin1 -->
        <test-method signature="testlogin2()[pri:0, instance:sdet.AppTest@75f9eccc]" started-at="2026-04-29T19:04:54 IST" name="testlogin2" finished-at="2026-04-29T19:04:54 IST" duration-ms="2" status="PASS">
          <reporter-output>
          </reporter-output>
        </test-method> <!-- testlogin2 -->
      </class> <!-- sdet.AppTest -->
      <class name="sdet.SeleniumTest">
        <test-method signature="f()[pri:0, instance:sdet.SeleniumTest@589b3632]" started-at="2026-04-29T19:04:54 IST" name="f" finished-at="2026-04-29T19:05:22 IST" duration-ms="27498" status="PASS">
          <reporter-output>
          </reporter-output>
        </test-method> <!-- f -->
      </class> <!-- sdet.SeleniumTest -->
    </test> <!-- Surefire test -->
  </suite> <!-- Surefire suite -->
</testng-results>
