<?xml version="1.0" encoding="UTF-8"?>
<testng-results ignored="0" total="3" passed="3" failed="0" skipped="0">
  <reporter-output>
  </reporter-output>
  <suite started-at="2026-04-28T19:36:42 IST" name="Suite" finished-at="2026-04-28T19:37:02 IST" duration-ms="19904">
    <groups>
    </groups>
    <test started-at="2026-04-28T19:36:42 IST" name="Test" finished-at="2026-04-28T19:37:02 IST" duration-ms="19904">
      <class name="sdet.SeleniumTest">
        <test-method signature="f()[pri:0, instance:sdet.SeleniumTest@31c88ec8]" started-at="2026-04-28T19:36:42 IST" name="f" finished-at="2026-04-28T19:37:02 IST" duration-ms="19662" status="PASS">
          <reporter-output>
          </reporter-output>
        </test-method> <!-- f -->
      </class> <!-- sdet.SeleniumTest -->
      <class name="sdet.AppTest">
        <test-method signature="testlogin1()[pri:0, instance:sdet.AppTest@76508ed1]" started-at="2026-04-28T19:36:42 IST" name="testlogin1" finished-at="2026-04-28T19:36:42 IST" duration-ms="65" status="PASS">
          <reporter-output>
          </reporter-output>
        </test-method> <!-- testlogin1 -->
        <test-method signature="testlogin2()[pri:0, instance:sdet.AppTest@76508ed1]" started-at="2026-04-28T19:36:42 IST" name="testlogin2" finished-at="2026-04-28T19:36:42 IST" duration-ms="20" status="PASS">
          <reporter-output>
          </reporter-output>
        </test-method> <!-- testlogin2 -->
      </class> <!-- sdet.AppTest -->
    </test> <!-- Test -->
  </suite> <!-- Suite -->
</testng-results>
